2025-12-16 17:23:38,615 - INFO - DOI request successful for: Next run (event='draft')
2025-12-16 17:23:40,370 - INFO - Updated URL for DOI 10.83986/rhg7-q271 to https://phenomicsaustralia.org.au/project?wdt_column_filter[5]=rhg7-q271
2025-12-16 17:23:41,906 - INFO - DOI request successful for: Run after (event='draft')
2025-12-16 17:23:43,341 - INFO - Updated URL for DOI 10.83986/83yt-y440 to https://phenomicsaustralia.org.au/project?wdt_column_filter[5]=83yt-y440
2025-12-16 17:25:00,321 - INFO - DOI request successful for: Next run (event='draft')
2025-12-16 17:25:01,922 - INFO - Updated URL for DOI 10.82509/mbz4-4m20 to https://phenomicsaustralia.org.au/project?wdt_column_filter[5]=mbz4-4m20
2025-12-16 17:25:03,568 - INFO - DOI request successful for: Run after (event='draft')
2025-12-16 17:25:05,238 - INFO - Updated URL for DOI 10.82509/2nq3-n897 to https://phenomicsaustralia.org.au/project?wdt_column_filter[5]=2nq3-n897
2025-12-16 17:34:13,652 - INFO - DOI request successful for: Next run (event='draft')
2025-12-16 17:34:15,342 - INFO - Updated URL for DOI 10.83986/7g6z-ce71 to https://phenomicsaustralia.org.au/project?wdt_column_filter[5]=7g6z-ce71
2025-12-16 17:34:16,846 - INFO - DOI request successful for: Run after (event='draft')
2025-12-16 17:34:18,455 - INFO - Updated URL for DOI 10.83986/3zdg-c687 to https://phenomicsaustralia.org.au/project?wdt_column_filter[5]=3zdg-c687
2025-12-16 17:35:46,284 - INFO - DOI request successful for: Next run (event='draft')
2025-12-16 17:35:47,838 - INFO - Updated URL for DOI 10.83986/q4za-sq77 to https://phenomicsaustralia.org.au/project?wdt_column_filter[5]=q4za-sq77
2025-12-16 17:35:49,344 - INFO - DOI request successful for: Run after (event='draft')
2025-12-16 17:35:50,859 - INFO - Updated URL for DOI 10.83986/awj3-3628 to https://phenomicsaustralia.org.au/project?wdt_column_filter[5]=awj3-3628
2025-12-16 17:41:07,128 - INFO - DOI request successful for: Next run (event='draft')
2025-12-16 17:41:08,545 - INFO - Updated URL for DOI 10.83986/m3qw-6p11 to https://phenomicsaustralia.org.au/project?wdt_column_filter[5]=m3qw-6p11
2025-12-16 17:41:09,995 - INFO - DOI request successful for: Run after (event='draft')
2025-12-16 17:41:11,413 - INFO - Updated URL for DOI 10.83986/seg5-ar85 to https://phenomicsaustralia.org.au/project?wdt_column_filter[5]=seg5-ar85
2025-12-16 17:45:21,826 - INFO - DOI request successful for: Next run (event='draft')
2025-12-16 17:45:23,263 - INFO - Updated URL for DOI 10.83986/p050-fw43 to https://phenomicsaustralia.org.au/project?wdt_column_filter[5]=p050-fw43
2025-12-16 17:45:24,849 - INFO - DOI request successful for: Run after (event='draft')
2025-12-16 17:45:26,444 - INFO - Updated URL for DOI 10.83986/akb3-kp71 to https://phenomicsaustralia.org.au/project?wdt_column_filter[5]=akb3-kp71
2025-12-16 17:47:56,598 - INFO - DOI request successful for: Next run (event='draft')
2025-12-16 17:47:58,057 - INFO - Updated URL for DOI 10.83986/j9rd-cz26 to https://phenomicsaustralia.org.au/project?wdt_column_filter[5]=j9rd-cz26
2025-12-16 17:47:59,573 - INFO - DOI request successful for: Run after (event='draft')
2025-12-16 17:48:01,007 - INFO - Updated URL for DOI 10.83986/hvwb-8z38 to https://phenomicsaustralia.org.au/project?wdt_column_filter[5]=hvwb-8z38
2025-12-16 17:55:58,603 - INFO - DOI request successful for: Next run (event='draft')
2025-12-16 17:56:00,225 - INFO - Updated URL for DOI 10.83986/tert-gt31 to https://phenomicsaustralia.org.au/project?wdt_column_filter[5]=tert-gt31
2025-12-16 17:56:01,710 - INFO - DOI request successful for: Run after (event='draft')
2025-12-16 17:56:03,322 - INFO - Updated URL for DOI 10.83986/vjd4-8h44 to https://phenomicsaustralia.org.au/project?wdt_column_filter[5]=vjd4-8h44
2025-12-17 09:33:01,681 - INFO - [DRY RUN] Would send DOI request for: Next run (event='draft')
2025-12-17 09:33:01,683 - INFO - [DRY RUN] Would send DOI request for: Run after (event='draft')
2025-12-17 09:34:33,836 - INFO - DOI request successful for: Next run (event='draft')
2025-12-17 09:34:35,077 - INFO - Updated URL for DOI 10.83986/gjyn-6c95 to https://phenomicsaustralia.org.au/project?wdt_column_filter[5]=gjyn-6c95
2025-12-17 09:34:36,466 - INFO - DOI request successful for: Run after (event='draft')
2025-12-17 09:34:37,831 - INFO - Updated URL for DOI 10.83986/xywn-9n19 to https://phenomicsaustralia.org.au/project?wdt_column_filter[5]=xywn-9n19
2025-12-17 09:39:56,535 - INFO - [DRY RUN] Would send DOI request for: Next run (event='draft')
2025-12-17 09:39:56,536 - INFO - [DRY RUN] Would send DOI request for: Run after (event='draft')
2025-12-17 09:40:09,409 - INFO - DOI request successful for: Next run (event='draft')
2025-12-17 09:40:10,653 - INFO - Updated URL for DOI 10.83986/x3t4-yf86 to https://phenomicsaustralia.org.au/project?wdt_column_filter[5]=x3t4-yf86
2025-12-17 09:40:12,045 - INFO - DOI request successful for: Run after (event='draft')
2025-12-17 09:40:13,398 - INFO - Updated URL for DOI 10.83986/akv6-ad79 to https://phenomicsaustralia.org.au/project?wdt_column_filter[5]=akv6-ad79
2025-12-17 09:54:34,181 - INFO - [DRY RUN] Would send DOI request for: Next run (event='draft')
2025-12-17 09:54:34,182 - INFO - [DRY RUN] Would send DOI request for: Run after (event='draft')
2025-12-17 09:55:01,857 - INFO - DOI request successful for: Next run (event='draft')
2025-12-17 09:55:03,196 - INFO - Updated URL for DOI 10.83986/egjq-mp04 to https://phenomicsaustralia.org.au/project?wdt_column_filter[5]=egjq-mp04
2025-12-17 09:55:04,903 - INFO - DOI request successful for: Run after (event='draft')
2025-12-17 09:55:06,603 - INFO - Updated URL for DOI 10.83986/v9e9-dt10 to https://phenomicsaustralia.org.au/project?wdt_column_filter[5]=v9e9-dt10
2025-12-17 10:18:51,997 - INFO - [DRY RUN] Would send DOI request for: Next run (event='draft')
2025-12-17 10:18:51,998 - INFO - [DRY RUN] Would send DOI request for: Run after (event='draft')
2025-12-17 10:19:04,145 - INFO - DOI request successful for: Next run (event='draft')
2025-12-17 10:19:05,466 - INFO - Updated URL for DOI 10.83986/cspz-hc38 to https://phenomicsaustralia.org.au/project?wdt_column_filter[5]=cspz-hc38
2025-12-17 10:19:06,893 - INFO - DOI request successful for: Run after (event='draft')
2025-12-17 10:19:08,244 - INFO - Updated URL for DOI 10.83986/dp06-b274 to https://phenomicsaustralia.org.au/project?wdt_column_filter[5]=dp06-b274
2025-12-17 10:20:59,884 - INFO - [DRY RUN] Would send DOI request for: Next run (event='draft')
2025-12-17 10:20:59,885 - INFO - [DRY RUN] Would send DOI request for: Run after (event='draft')
2025-12-17 10:21:11,013 - INFO - DOI request successful for: Next run (event='draft')
2025-12-17 10:21:12,431 - INFO - Updated URL for DOI 10.83986/8z5y-1d04 to https://phenomicsaustralia.org.au/project?wdt_column_filter[5]=8z5y-1d04
2025-12-17 10:21:13,849 - INFO - DOI request successful for: Run after (event='draft')
2025-12-17 10:21:15,145 - INFO - Updated URL for DOI 10.83986/kcpk-tq03 to https://phenomicsaustralia.org.au/project?wdt_column_filter[5]=kcpk-tq03
2025-12-17 10:30:30,016 - INFO - [DRY RUN] Would send DOI request for: Next run (event='draft')
2025-12-17 10:30:30,017 - INFO - [DRY RUN] Would send DOI request for: Run after (event='draft')
2025-12-17 10:31:13,668 - INFO - DOI request successful for: Wednesday 1030 (event='draft')
2025-12-17 10:31:14,985 - INFO - Updated URL for DOI 10.83986/79wd-fk21 to https://phenomicsaustralia.org.au/project?wdt_column_filter[5]=79wd-fk21
2025-12-17 10:34:32,246 - INFO - DOI request successful for: Wednesday 1030 (event='draft')
2025-12-17 10:34:33,508 - INFO - Updated URL for DOI 10.83986/msxk-x807 to https://phenomicsaustralia.org.au/project?wdt_column_filter[5]=msxk-x807
2025-12-17 10:35:55,713 - INFO - DOI request successful for: Wednesday 1030 (event='draft')
2025-12-17 10:35:57,135 - INFO - Updated URL for DOI 10.83986/1b4z-fm02 to https://phenomicsaustralia.org.au/project?wdt_column_filter[5]=1b4z-fm02
2025-12-17 11:50:53,051 - INFO - [DRY RUN] Would send DOI request for: Wednesday 1030 (event='draft')
2025-12-17 11:50:59,675 - INFO - DOI request successful for: Wednesday 1030 (event='draft')
2025-12-17 11:51:01,024 - INFO - Updated URL for DOI 10.83986/hx45-6r85 to https://phenomicsaustralia.org.au/project?wdt_column_filter[5]=hx45-6r85
2025-12-23 10:53:10,780 - INFO - DOI request successful for: Wednesday 1030 (event='draft')
2025-12-23 10:53:12,345 - INFO - Updated URL for DOI 10.83986/zwz0-qv38 to https://phenomicsaustralia.org.au/project?wdt_column_filter[5]=zwz0-qv38
2025-12-23 10:54:14,987 - INFO - DOI request successful for: Wednesday 1030 (event='draft')
2025-12-23 10:54:16,497 - INFO - Updated URL for DOI 10.83986/rd3n-qb56 to https://phenomicsaustralia.org.au/project?wdt_column_filter[5]=rd3n-qb56
2025-12-23 10:56:02,095 - INFO - DOI request successful for: Wednesday 1030 (event='draft')
2025-12-23 10:56:03,580 - INFO - Updated URL for DOI 10.83986/rt2a-tm71 to https://phenomicsaustralia.org.au/project?wdt_column_filter[5]=rt2a-tm71
2025-12-23 10:56:44,709 - INFO - DOI request successful for: Wednesday 1030 (event='draft')
2025-12-23 10:56:46,172 - INFO - Updated URL for DOI 10.83986/2qpe-0t90 to https://phenomicsaustralia.org.au/project?wdt_column_filter[5]=2qpe-0t90
2026-01-29 12:18:40,786 - INFO - DOI request successful for: Wednesday 1030 (event='draft')
2026-01-29 12:18:42,372 - INFO - Updated URL for DOI 10.83986/0kzx-t056 to https://phenomicsaustralia.org.au/project?wdt_column_filter[5]=0kzx-t056
2026-01-29 12:21:36,346 - INFO - DOI request successful for: Wednesday 1030 (event='draft')
2026-01-29 12:21:37,643 - INFO - Updated URL for DOI 10.83986/mwjt-x189 to https://phenomicsaustralia.org.au/project?wdt_column_filter[5]=mwjt-x189
2026-01-29 12:21:39,122 - INFO - DOI request successful for: Wednesday 1031 (event='draft')
2026-01-29 12:21:40,621 - INFO - Updated URL for DOI 10.83986/2fv1-fr12 to https://phenomicsaustralia.org.au/project?wdt_column_filter[5]=2fv1-fr12
2026-01-29 12:21:42,046 - INFO - DOI request successful for: Wednesday 1032 (event='draft')
2026-01-29 12:21:43,515 - INFO - Updated URL for DOI 10.83986/dadp-f059 to https://phenomicsaustralia.org.au/project?wdt_column_filter[5]=dadp-f059
2026-01-29 12:22:07,642 - INFO - DOI request successful for: abc 123 (event='draft')
2026-01-29 12:22:09,316 - INFO - Updated URL for DOI 10.83986/7mkq-8968 to https://phenomicsaustralia.org.au/project?wdt_column_filter[5]=7mkq-8968
2026-01-29 12:22:10,755 - INFO - DOI request successful for: abc 124 (event='draft')
2026-01-29 12:22:12,228 - INFO - Updated URL for DOI 10.83986/pe7p-8m38 to https://phenomicsaustralia.org.au/project?wdt_column_filter[5]=pe7p-8m38
2026-01-29 12:22:13,575 - INFO - DOI request successful for: abc 125 (event='draft')
2026-01-29 12:22:15,053 - INFO - Updated URL for DOI 10.83986/y08c-kg95 to https://phenomicsaustralia.org.au/project?wdt_column_filter[5]=y08c-kg95
2026-01-29 12:22:16,424 - INFO - DOI request successful for: abc 126 (event='draft')
2026-01-29 12:22:17,737 - INFO - Updated URL for DOI 10.83986/0f30-ye75 to https://phenomicsaustralia.org.au/project?wdt_column_filter[5]=0f30-ye75
2026-01-29 12:22:19,085 - INFO - DOI request successful for: abc 127 (event='draft')
2026-01-29 12:22:20,395 - INFO - Updated URL for DOI 10.83986/v4hh-e694 to https://phenomicsaustralia.org.au/project?wdt_column_filter[5]=v4hh-e694
2026-01-29 13:29:57,736 - INFO - DOI request successful for: fresh123 (event='draft')
2026-01-29 13:29:59,237 - INFO - Updated URL for DOI 10.83986/mb1e-tv79 to https://phenomicsaustralia.org.au/project?wdt_column_filter[5]=mb1e-tv79
2026-01-29 13:30:00,707 - INFO - DOI request successful for: fresh124 (event='draft')
2026-01-29 13:30:02,000 - INFO - Updated URL for DOI 10.83986/7nzw-r125 to https://phenomicsaustralia.org.au/project?wdt_column_filter[5]=7nzw-r125
2026-01-29 13:30:03,395 - INFO - DOI request successful for: fresh125 (event='draft')
2026-01-29 13:30:04,859 - INFO - Updated URL for DOI 10.83986/6gv4-qc61 to https://phenomicsaustralia.org.au/project?wdt_column_filter[5]=6gv4-qc61
2026-01-29 13:30:06,282 - INFO - DOI request successful for: fresh126 (event='draft')
2026-01-29 13:30:07,724 - INFO - Updated URL for DOI 10.83986/d7vk-fz98 to https://phenomicsaustralia.org.au/project?wdt_column_filter[5]=d7vk-fz98
2026-01-29 13:30:09,045 - INFO - DOI request successful for: fresh127 (event='draft')
2026-01-29 13:30:10,433 - INFO - Updated URL for DOI 10.83986/8bwc-yf83 to https://phenomicsaustralia.org.au/project?wdt_column_filter[5]=8bwc-yf83
2026-02-16 14:06:43,836 - INFO - DOI request successful for: fresh123 (event='draft')
2026-02-16 14:06:45,250 - INFO - Updated URL for DOI 10.83986/zzqp-hg89 to https://phenomicsaustralia.org.au/project?wdt_column_filter[5]=zzqp-hg89
